<class 'str'>
<class 'str'>
<class 'str'>
<class 'str'>
<class 'str'>
<class 'str'>
<class 'str'>
<class 'str'>
<class 'str'>
<class 'str'>
<class 'str'>
{'username': True, 'password': True}
bigbrovc@gmail.com
bigbrovc
42Farrah$%
{'username': True, 'password': True}
bigbrovc@gmail.com
bigbrovc
42Farrah$%
Verification code sent to bigbrovc@gmail.com: 123456
{'username': True, 'password': False}
{'username': True, 'password': False}
{'username': True, 'password': True}
{'username': True, 'password': True}
Verification code sent to bigbrovc@gmail.com: 123456
{'username': True, 'password': True}
Verification code sent to bigbrovc@gmail.com: 123456
{'username': True, 'password': True}
{'username': True, 'password': True}
Verification code sent to bigbrovc@gmail.com: 123456
{'username': True, 'password': True}
Verification code sent to bigbrovc@gmail.com: 123456
{'username': True, 'password': True}
Verification code sent to bigbrovc@gmail.com: 123456
{'username': True, 'password': True}
Verification code sent to bigbrovc@gmail.com: 123456
{'username': True, 'password': True}
Verification code sent to bigbrovc@gmail.com: 123456
{'username': True, 'password': True}
Verification code sent to bigbrovc@gmail.com: 123456
{'username': True, 'password': True}
Verification code sent to bigbrovc@gmail.com: 123456
{'username': True, 'password': True}
Verification code sent to bigbrovc@gmail.com: 637557
authentication successful for user: bigbrovc
password failed for user: bigbrovc
authentication successful for user: bigbrovc
authentication successful for user: bigbrovc
password failed for user: bigbrovc
password failed for user: bigbrovc
password failed for user: bigbrovc
password failed for user: bigbrovc
authentication successful for user: bigbrovc
authentication successful for user: bigbrovc
password failed for user: bigbrovc
authentication successful for user: bigbrovc
{'username': True, 'password': True}
Verification code sent to enmutlu1@cougars.ccis.edu: 216741
authentication successful for user: Elif
{'username': True, 'password': True}
{'username': True, 'password': True}
{'username': True, 'password': True}
{'username': True, 'password': True}
{'username': True, 'password': True}
{'username': True, 'password': True}
{'username': True, 'password': True}
{'username': True, 'password': True}
{'username': True, 'password': True}
Nonebigbrovc42Farrah$%
{'username': True, 'password': True}
email:None, username:bigbrovc, password:42Farrah$%
{'username': True, 'password': True}
email:None, username:bigbrovc, password:42Farrah$%
{'username': True, 'password': True}
email:None, username:bigbrovc, password:42Farrah$%
{'username': True, 'password': True}
email:bigbrovc@gmail.com, username:bigbrovc, password:42Farrah$%
{'username': True, 'password': True}
email:bigbrovc@gmail.com, username:bigbrovc, password:42Farrah$%
{'username': True, 'password': True}
email:jdschwandt1@gmail.com, username:kaijujax, password:Silmarillion$3
{'username': True, 'password': False}
email:jdschwandt1@gmail.com, username:kaijujax, password:Silmarillion$42
{'username': True, 'password': False}
email:jdschwandt1@gmail.com, username:kaijujax, password:420Feanor#%^
{'username': True, 'password': True}
email:bigbrovc@gmail.com, username:bigbrovc, password:42Farrah#$
{'username': True, 'password': True}
